<?xml version="1.0" encoding="UTF-8"?>
<!-- Generated by org.testng.reporters.JUnitReportReporter -->
<testsuite hostname="LAPTOP-BBUG6LQT" failures="0" tests="4" name="testcases.testcaseB" time="0.043" errors="0" timestamp="2019-10-14T11:18:15 BST" skipped="0">
  <testcase classname="testcases.testcaseB" name="testA" time="0.017"/>
  <testcase classname="testcases.testcaseB" name="testSoumyaAnnot" time="0.007"/>
  <testcase classname="testcases.testcaseB" name="testSoumya" time="0.010"/>
  <testcase classname="testcases.testcaseB" name="testB" time="0.009"/>
</testsuite> <!-- testcases.testcaseB -->
