<?xml version="1.0" encoding="UTF-8"?>
<!-- Generated by org.testng.reporters.JUnitReportReporter -->
<testsuite hostname="LAPTOP-BBUG6LQT" failures="0" tests="2" name="TestNgDemo.testcaseB" time="0.027" errors="0" timestamp="2019-10-12T10:21:16 BST" skipped="0">
  <testcase classname="TestNgDemo.testcaseB" name="testSoumya" time="0.022"/>
  <testcase classname="TestNgDemo.testcaseB" name="testSoumyaAnnot" time="0.005"/>
</testsuite> <!-- TestNgDemo.testcaseB -->
