<?xml version="1.0" encoding="UTF-8"?>
<!-- Generated by org.testng.reporters.JUnitReportReporter -->
<testsuite hostname="LAPTOP-BBUG6LQT" failures="0" tests="1" name="Selenium.test123" time="0.015" errors="0" timestamp="2019-10-07T21:36:13 BST" skipped="0">
  <testcase classname="Selenium.test123" name="test123" time="0.015"/>
</testsuite> <!-- Selenium.test123 -->
