<?xml version="1.0" encoding="UTF-8"?>
<!-- Generated by org.testng.reporters.JUnitReportReporter -->
<testsuite hostname="LAPTOP-BBUG6LQT" failures="0" tests="3" name="TestNgDemo.testcaseA" time="0.028" errors="0" timestamp="2019-10-12T10:21:23 BST" skipped="0">
  <testcase classname="TestNgDemo.testcaseA" name="testB" time="0.004"/>
  <testcase classname="TestNgDemo.testcaseA" name="testA" time="0.005"/>
  <testcase classname="TestNgDemo.testcaseA" name="testSoumyaAnnot" time="0.019"/>
</testsuite> <!-- TestNgDemo.testcaseA -->
