<?xml version="1.0" encoding="UTF-8"?>
<!-- Generated by org.testng.reporters.JUnitReportReporter -->
<testsuite hostname="LAPTOP-BBUG6LQT" failures="0" tests="1" name="multipleTestCasesSequence.TestCase2" time="0.003" errors="0" timestamp="2019-10-17T09:56:20 BST" skipped="0">
  <testcase classname="multipleTestCasesSequence.TestCase2" name="test2" time="0.003"/>
</testsuite> <!-- multipleTestCasesSequence.TestCase2 -->
