<?xml version="1.0" encoding="UTF-8"?>
<!-- Generated by org.testng.reporters.JUnitReportReporter -->
<testsuite hostname="LAPTOP-BBUG6LQT" failures="0" tests="1" name="testcases.TestCase" time="1.711" errors="0" timestamp="2019-10-11T22:59:14 BST" skipped="0">
  <testcase classname="testcases.TestCase" name="TestCase" time="1.711"/>
</testsuite> <!-- testcases.TestCase -->
