<?xml version="1.0" encoding="UTF-8"?>
<!-- Generated by org.testng.reporters.JUnitReportReporter -->
<testsuite hostname="LAPTOP-BBUG6LQT" failures="0" tests="1" name="soumya.test123" time="0.222" errors="0" timestamp="2019-10-12T10:05:06 BST" skipped="0">
  <testcase classname="soumya.test123" name="test1234" time="0.222"/>
</testsuite> <!-- soumya.test123 -->
