<?xml version="1.0" encoding="UTF-8"?>
<!-- Generated by org.testng.reporters.JUnitReportReporter -->
<testsuite hostname="LAPTOP-BBUG6LQT" failures="0" tests="3" name="testNgDemo.testNGBase" time="0.033" errors="0" timestamp="2019-10-14T11:05:55 BST" skipped="0">
  <testcase classname="testNgDemo.testNGBase" name="testB" time="0.007"/>
  <testcase classname="testNgDemo.testNGBase" name="testSoumyaAnnot" time="0.007"/>
  <testcase classname="testNgDemo.testNGBase" name="testA" time="0.019"/>
</testsuite> <!-- testNgDemo.testNGBase -->
