<?xml version="1.0" encoding="UTF-8"?>
<!-- Generated by org.testng.reporters.JUnitReportReporter -->
<testsuite hostname="LAPTOP-BBUG6LQT" failures="0" tests="2" name="multipleTestCasesSequence.TestCase1" time="0.024" errors="0" timestamp="2019-10-17T09:56:20 BST" skipped="0">
  <testcase classname="multipleTestCasesSequence.TestCase1" name="test1" time="0.009"/>
  <testcase classname="multipleTestCasesSequence.TestCase1" name="soumya" time="0.015"/>
</testsuite> <!-- multipleTestCasesSequence.TestCase1 -->
