<?xml version="1.0" encoding="UTF-8"?>
<!-- Generated by org.testng.reporters.JUnitReportReporter -->
<testsuite hostname="LAPTOP-BBUG6LQT" failures="0" tests="3" name="testcases.testcaseA" time="0.033" errors="0" timestamp="2019-10-14T11:08:01 BST" skipped="0">
  <testcase classname="testcases.testcaseA" name="testB" time="0.003"/>
  <testcase classname="testcases.testcaseA" name="testA" time="0.009"/>
  <testcase classname="testcases.testcaseA" name="testSoumyaAnnot" time="0.021"/>
</testsuite> <!-- testcases.testcaseA -->
